<?xml version="1.0" encoding="UTF-8"?>
<!-- Generated by org.testng.reporters.JUnitReportReporter -->
<testsuite skipped="0" hostname="DESKTOP-2CU4VCO" name="testng2.Testng2" tests="3" failures="0" timestamp="6 May 2021 08:49:58 GMT" time="13.246" errors="0">
  <testcase name="Admin" time="6.924" classname="testng2.Testng2"/>
  <testcase name="pim" time="2.711" classname="testng2.Testng2"/>
  <testcase name="leave" time="3.611" classname="testng2.Testng2"/>
</testsuite> <!-- testng2.Testng2 -->
