<?xml version="1.0" encoding="UTF-8"?>
<!-- Generated by org.testng.reporters.JUnitReportReporter -->
<testsuite skipped="0" hostname="DESKTOP-2CU4VCO" name="mar7.AssertEqual" tests="1" failures="0" timestamp="7 May 2021 07:17:50 GMT" time="53.894" errors="0">
  <testcase name="verifyTitle" time="53.894" classname="mar7.AssertEqual"/>
</testsuite> <!-- mar7.AssertEqual -->
