<?xml version="1.0" encoding="UTF-8"?>
<!-- Generated by org.testng.reporters.JUnitReportReporter -->
<testsuite skipped="0" hostname="DESKTOP-2CU4VCO" name="may03.MultipleWindows" tests="5" failures="0" timestamp="7 May 2021 01:42:40 GMT" time="155.536" errors="0">
  <testcase name="validationlogin" time="27.837" classname="may03.MultipleWindows"/>
  <testcase name="validationlogin" time="27.144" classname="may03.MultipleWindows"/>
  <testcase name="validationlogin" time="43.328" classname="may03.MultipleWindows"/>
  <testcase name="validationlogin" time="28.742" classname="may03.MultipleWindows"/>
  <testcase name="validationlogin" time="28.485" classname="may03.MultipleWindows"/>
</testsuite> <!-- may03.MultipleWindows -->
